[INFO] [2017-04-06 15:08:18][org.springframework.test.context.support.DefaultTestContextBootstrapper]Loaded default TestExecutionListener class names from location [META-INF/spring.factories]: [org.springframework.test.context.web.ServletTestExecutionListener, org.springframework.test.context.support.DirtiesContextBeforeModesTestExecutionListener, org.springframework.test.context.support.DependencyInjectionTestExecutionListener, org.springframework.test.context.support.DirtiesContextTestExecutionListener, org.springframework.test.context.transaction.TransactionalTestExecutionListener, org.springframework.test.context.jdbc.SqlScriptsTestExecutionListener]
 [INFO] [2017-04-06 15:08:18][org.springframework.test.context.support.DefaultTestContextBootstrapper]Using TestExecutionListeners: [org.springframework.test.context.web.ServletTestExecutionListener@6574b225, org.springframework.test.context.support.DirtiesContextBeforeModesTestExecutionListener@2669b199, org.springframework.test.context.support.DependencyInjectionTestExecutionListener@2344fc66, org.springframework.test.context.support.DirtiesContextTestExecutionListener@458ad742, org.springframework.test.context.transaction.TransactionalTestExecutionListener@5afa04c, org.springframework.test.context.jdbc.SqlScriptsTestExecutionListener@6ea12c19]
 [INFO] [2017-04-06 15:08:18][org.springframework.beans.factory.xml.XmlBeanDefinitionReader]Loading XML bean definitions from class path resource [spring.xml]
 [INFO] [2017-04-06 15:08:19][org.springframework.beans.factory.xml.XmlBeanDefinitionReader]Loading XML bean definitions from class path resource [spring-mybatis.xml]
 [INFO] [2017-04-06 15:08:19][org.springframework.context.support.GenericApplicationContext]Refreshing org.springframework.context.support.GenericApplicationContext@5e3a8624: startup date [Thu Apr 06 15:08:19 CST 2017]; root of context hierarchy
 [INFO] [2017-04-06 15:08:19][org.springframework.context.support.PropertySourcesPlaceholderConfigurer]Loading properties file from class path resource [config.properties]
 [INFO] [2017-04-06 15:08:20][com.alibaba.druid.pool.DruidDataSource]{dataSource-1} inited
 [INFO] [2017-04-06 15:08:21][db_xgjd.test.TestReply]{"contactway":"test","memberid":1,"membername":"test","membersex":true}
 [INFO] [2017-04-06 15:08:21][org.springframework.context.support.GenericApplicationContext]Closing org.springframework.context.support.GenericApplicationContext@5e3a8624: startup date [Thu Apr 06 15:08:19 CST 2017]; root of context hierarchy
 [INFO] [2017-04-06 15:08:21][com.alibaba.druid.pool.DruidDataSource]{dataSource-1} closed
 [INFO] [2017-04-06 23:13:19][org.springframework.test.context.support.DefaultTestContextBootstrapper]Loaded default TestExecutionListener class names from location [META-INF/spring.factories]: [org.springframework.test.context.web.ServletTestExecutionListener, org.springframework.test.context.support.DirtiesContextBeforeModesTestExecutionListener, org.springframework.test.context.support.DependencyInjectionTestExecutionListener, org.springframework.test.context.support.DirtiesContextTestExecutionListener, org.springframework.test.context.transaction.TransactionalTestExecutionListener, org.springframework.test.context.jdbc.SqlScriptsTestExecutionListener]
 [INFO] [2017-04-06 23:13:19][org.springframework.test.context.support.DefaultTestContextBootstrapper]Using TestExecutionListeners: [org.springframework.test.context.web.ServletTestExecutionListener@6574b225, org.springframework.test.context.support.DirtiesContextBeforeModesTestExecutionListener@2669b199, org.springframework.test.context.support.DependencyInjectionTestExecutionListener@2344fc66, org.springframework.test.context.support.DirtiesContextTestExecutionListener@458ad742, org.springframework.test.context.transaction.TransactionalTestExecutionListener@5afa04c, org.springframework.test.context.jdbc.SqlScriptsTestExecutionListener@6ea12c19]
 [INFO] [2017-04-06 23:13:19][org.springframework.beans.factory.xml.XmlBeanDefinitionReader]Loading XML bean definitions from class path resource [spring.xml]
 [INFO] [2017-04-06 23:13:19][org.springframework.beans.factory.xml.XmlBeanDefinitionReader]Loading XML bean definitions from class path resource [spring-mybatis.xml]
 [INFO] [2017-04-06 23:13:20][org.springframework.context.support.GenericApplicationContext]Refreshing org.springframework.context.support.GenericApplicationContext@5e3a8624: startup date [Thu Apr 06 23:13:20 CST 2017]; root of context hierarchy
 [INFO] [2017-04-06 23:13:20][org.springframework.context.support.PropertySourcesPlaceholderConfigurer]Loading properties file from class path resource [config.properties]
 [INFO] [2017-04-06 23:13:21][com.alibaba.druid.pool.DruidDataSource]{dataSource-1} inited
 [INFO] [2017-04-06 23:13:25][db_xgjd.test.TestReply]null
 [INFO] [2017-04-06 23:13:25][org.springframework.context.support.GenericApplicationContext]Closing org.springframework.context.support.GenericApplicationContext@5e3a8624: startup date [Thu Apr 06 23:13:20 CST 2017]; root of context hierarchy
 [INFO] [2017-04-06 23:13:25][com.alibaba.druid.pool.DruidDataSource]{dataSource-1} closed
 [INFO] [2017-04-06 23:13:38][org.springframework.test.context.support.DefaultTestContextBootstrapper]Loaded default TestExecutionListener class names from location [META-INF/spring.factories]: [org.springframework.test.context.web.ServletTestExecutionListener, org.springframework.test.context.support.DirtiesContextBeforeModesTestExecutionListener, org.springframework.test.context.support.DependencyInjectionTestExecutionListener, org.springframework.test.context.support.DirtiesContextTestExecutionListener, org.springframework.test.context.transaction.TransactionalTestExecutionListener, org.springframework.test.context.jdbc.SqlScriptsTestExecutionListener]
 [INFO] [2017-04-06 23:13:38][org.springframework.test.context.support.DefaultTestContextBootstrapper]Using TestExecutionListeners: [org.springframework.test.context.web.ServletTestExecutionListener@6574b225, org.springframework.test.context.support.DirtiesContextBeforeModesTestExecutionListener@2669b199, org.springframework.test.context.support.DependencyInjectionTestExecutionListener@2344fc66, org.springframework.test.context.support.DirtiesContextTestExecutionListener@458ad742, org.springframework.test.context.transaction.TransactionalTestExecutionListener@5afa04c, org.springframework.test.context.jdbc.SqlScriptsTestExecutionListener@6ea12c19]
 [INFO] [2017-04-06 23:13:38][org.springframework.beans.factory.xml.XmlBeanDefinitionReader]Loading XML bean definitions from class path resource [spring.xml]
 [INFO] [2017-04-06 23:13:39][org.springframework.beans.factory.xml.XmlBeanDefinitionReader]Loading XML bean definitions from class path resource [spring-mybatis.xml]
 [INFO] [2017-04-06 23:13:39][org.springframework.context.support.GenericApplicationContext]Refreshing org.springframework.context.support.GenericApplicationContext@5e3a8624: startup date [Thu Apr 06 23:13:39 CST 2017]; root of context hierarchy
 [INFO] [2017-04-06 23:13:39][org.springframework.context.support.PropertySourcesPlaceholderConfigurer]Loading properties file from class path resource [config.properties]
 [INFO] [2017-04-06 23:13:40][com.alibaba.druid.pool.DruidDataSource]{dataSource-1} inited
 [INFO] [2017-04-06 23:13:44][db_xgjd.test.TestReply]{"contactway":"test","memberid":1,"membername":"test","membersex":true}
 [INFO] [2017-04-06 23:13:44][org.springframework.context.support.GenericApplicationContext]Closing org.springframework.context.support.GenericApplicationContext@5e3a8624: startup date [Thu Apr 06 23:13:39 CST 2017]; root of context hierarchy
 [INFO] [2017-04-06 23:13:44][com.alibaba.druid.pool.DruidDataSource]{dataSource-1} closed
 [INFO] [2017-04-06 23:26:18][org.springframework.test.context.support.DefaultTestContextBootstrapper]Loaded default TestExecutionListener class names from location [META-INF/spring.factories]: [org.springframework.test.context.web.ServletTestExecutionListener, org.springframework.test.context.support.DirtiesContextBeforeModesTestExecutionListener, org.springframework.test.context.support.DependencyInjectionTestExecutionListener, org.springframework.test.context.support.DirtiesContextTestExecutionListener, org.springframework.test.context.transaction.TransactionalTestExecutionListener, org.springframework.test.context.jdbc.SqlScriptsTestExecutionListener]
 [INFO] [2017-04-06 23:26:18][org.springframework.test.context.support.DefaultTestContextBootstrapper]Using TestExecutionListeners: [org.springframework.test.context.web.ServletTestExecutionListener@6574b225, org.springframework.test.context.support.DirtiesContextBeforeModesTestExecutionListener@2669b199, org.springframework.test.context.support.DependencyInjectionTestExecutionListener@2344fc66, org.springframework.test.context.support.DirtiesContextTestExecutionListener@458ad742, org.springframework.test.context.transaction.TransactionalTestExecutionListener@5afa04c, org.springframework.test.context.jdbc.SqlScriptsTestExecutionListener@6ea12c19]
 [INFO] [2017-04-06 23:26:18][org.springframework.beans.factory.xml.XmlBeanDefinitionReader]Loading XML bean definitions from class path resource [spring.xml]
 [INFO] [2017-04-06 23:26:19][org.springframework.beans.factory.xml.XmlBeanDefinitionReader]Loading XML bean definitions from class path resource [spring-mybatis.xml]
 [INFO] [2017-04-06 23:26:19][org.springframework.context.support.GenericApplicationContext]Refreshing org.springframework.context.support.GenericApplicationContext@5e3a8624: startup date [Thu Apr 06 23:26:19 CST 2017]; root of context hierarchy
 [INFO] [2017-04-06 23:26:20][org.springframework.context.support.PropertySourcesPlaceholderConfigurer]Loading properties file from class path resource [config.properties]
 [INFO] [2017-04-06 23:26:21][com.alibaba.druid.pool.DruidDataSource]{dataSource-1} inited
 [INFO] [2017-04-06 23:26:24][db_xgjd.test.TestReply]{"contactway":"test","memberid":1,"membername":"test","membersex":true}
 [INFO] [2017-04-06 23:26:24][org.springframework.context.support.GenericApplicationContext]Closing org.springframework.context.support.GenericApplicationContext@5e3a8624: startup date [Thu Apr 06 23:26:19 CST 2017]; root of context hierarchy
 [INFO] [2017-04-06 23:26:24][com.alibaba.druid.pool.DruidDataSource]{dataSource-1} closed
 [INFO] [2017-04-07 10:43:09][org.springframework.test.context.support.DefaultTestContextBootstrapper]Loaded default TestExecutionListener class names from location [META-INF/spring.factories]: [org.springframework.test.context.web.ServletTestExecutionListener, org.springframework.test.context.support.DirtiesContextBeforeModesTestExecutionListener, org.springframework.test.context.support.DependencyInjectionTestExecutionListener, org.springframework.test.context.support.DirtiesContextTestExecutionListener, org.springframework.test.context.transaction.TransactionalTestExecutionListener, org.springframework.test.context.jdbc.SqlScriptsTestExecutionListener]
 [INFO] [2017-04-07 10:43:09][org.springframework.test.context.support.DefaultTestContextBootstrapper]Using TestExecutionListeners: [org.springframework.test.context.web.ServletTestExecutionListener@6574b225, org.springframework.test.context.support.DirtiesContextBeforeModesTestExecutionListener@2669b199, org.springframework.test.context.support.DependencyInjectionTestExecutionListener@2344fc66, org.springframework.test.context.support.DirtiesContextTestExecutionListener@458ad742, org.springframework.test.context.transaction.TransactionalTestExecutionListener@5afa04c, org.springframework.test.context.jdbc.SqlScriptsTestExecutionListener@6ea12c19]
 [INFO] [2017-04-07 10:43:09][org.springframework.beans.factory.xml.XmlBeanDefinitionReader]Loading XML bean definitions from class path resource [spring.xml]
 [INFO] [2017-04-07 10:43:11][org.springframework.beans.factory.xml.XmlBeanDefinitionReader]Loading XML bean definitions from class path resource [spring-mybatis.xml]
 [INFO] [2017-04-07 10:43:11][org.springframework.context.support.GenericApplicationContext]Refreshing org.springframework.context.support.GenericApplicationContext@5e3a8624: startup date [Fri Apr 07 10:43:11 CST 2017]; root of context hierarchy
 [INFO] [2017-04-07 10:43:11][org.springframework.context.support.PropertySourcesPlaceholderConfigurer]Loading properties file from class path resource [config.properties]
 [INFO] [2017-04-07 10:43:12][com.alibaba.druid.pool.DruidDataSource]{dataSource-1} inited
 [INFO] [2017-04-07 10:43:16][db_xgjd.test.TestReply]{"contactway":"test","memberid":1,"membername":"test","membersex":true}
 [INFO] [2017-04-07 10:43:16][org.springframework.context.support.GenericApplicationContext]Closing org.springframework.context.support.GenericApplicationContext@5e3a8624: startup date [Fri Apr 07 10:43:11 CST 2017]; root of context hierarchy
 [INFO] [2017-04-07 10:43:16][com.alibaba.druid.pool.DruidDataSource]{dataSource-1} closed
 [INFO] [2017-04-07 11:21:15][org.springframework.test.context.support.DefaultTestContextBootstrapper]Loaded default TestExecutionListener class names from location [META-INF/spring.factories]: [org.springframework.test.context.web.ServletTestExecutionListener, org.springframework.test.context.support.DirtiesContextBeforeModesTestExecutionListener, org.springframework.test.context.support.DependencyInjectionTestExecutionListener, org.springframework.test.context.support.DirtiesContextTestExecutionListener, org.springframework.test.context.transaction.TransactionalTestExecutionListener, org.springframework.test.context.jdbc.SqlScriptsTestExecutionListener]
 [INFO] [2017-04-07 11:21:15][org.springframework.test.context.support.DefaultTestContextBootstrapper]Using TestExecutionListeners: [org.springframework.test.context.web.ServletTestExecutionListener@6574b225, org.springframework.test.context.support.DirtiesContextBeforeModesTestExecutionListener@2669b199, org.springframework.test.context.support.DependencyInjectionTestExecutionListener@2344fc66, org.springframework.test.context.support.DirtiesContextTestExecutionListener@458ad742, org.springframework.test.context.transaction.TransactionalTestExecutionListener@5afa04c, org.springframework.test.context.jdbc.SqlScriptsTestExecutionListener@6ea12c19]
 [INFO] [2017-04-07 11:21:15][org.springframework.beans.factory.xml.XmlBeanDefinitionReader]Loading XML bean definitions from class path resource [spring.xml]
 [INFO] [2017-04-07 11:21:16][org.springframework.beans.factory.xml.XmlBeanDefinitionReader]Loading XML bean definitions from class path resource [spring-mybatis.xml]
 [INFO] [2017-04-07 11:21:16][org.springframework.context.support.GenericApplicationContext]Refreshing org.springframework.context.support.GenericApplicationContext@5e3a8624: startup date [Fri Apr 07 11:21:16 CST 2017]; root of context hierarchy
 [INFO] [2017-04-07 11:21:16][org.springframework.context.support.PropertySourcesPlaceholderConfigurer]Loading properties file from class path resource [config.properties]
 [INFO] [2017-04-07 11:21:17][com.alibaba.druid.pool.DruidDataSource]{dataSource-1} inited
 [INFO] [2017-04-07 11:21:19][db_xgjd.test.TestReply]{"contactway":"test","memberid":1,"membername":"test","membersex":true}
 [INFO] [2017-04-07 11:21:19][org.springframework.context.support.GenericApplicationContext]Closing org.springframework.context.support.GenericApplicationContext@5e3a8624: startup date [Fri Apr 07 11:21:16 CST 2017]; root of context hierarchy
 [INFO] [2017-04-07 11:21:19][com.alibaba.druid.pool.DruidDataSource]{dataSource-1} closed
 [INFO] [2017-04-07 11:32:48][org.springframework.test.context.support.DefaultTestContextBootstrapper]Loaded default TestExecutionListener class names from location [META-INF/spring.factories]: [org.springframework.test.context.web.ServletTestExecutionListener, org.springframework.test.context.support.DirtiesContextBeforeModesTestExecutionListener, org.springframework.test.context.support.DependencyInjectionTestExecutionListener, org.springframework.test.context.support.DirtiesContextTestExecutionListener, org.springframework.test.context.transaction.TransactionalTestExecutionListener, org.springframework.test.context.jdbc.SqlScriptsTestExecutionListener]
 [INFO] [2017-04-07 11:32:48][org.springframework.test.context.support.DefaultTestContextBootstrapper]Using TestExecutionListeners: [org.springframework.test.context.web.ServletTestExecutionListener@3c09711b, org.springframework.test.context.support.DirtiesContextBeforeModesTestExecutionListener@5cc7c2a6, org.springframework.test.context.support.DependencyInjectionTestExecutionListener@b97c004, org.springframework.test.context.support.DirtiesContextTestExecutionListener@4590c9c3, org.springframework.test.context.transaction.TransactionalTestExecutionListener@32e6e9c3, org.springframework.test.context.jdbc.SqlScriptsTestExecutionListener@5056dfcb]
 [INFO] [2017-04-07 11:32:48][org.springframework.beans.factory.xml.XmlBeanDefinitionReader]Loading XML bean definitions from class path resource [spring.xml]
 [INFO] [2017-04-07 11:32:49][org.springframework.beans.factory.xml.XmlBeanDefinitionReader]Loading XML bean definitions from class path resource [spring-mybatis.xml]
 [INFO] [2017-04-07 11:32:49][org.springframework.context.support.GenericApplicationContext]Refreshing org.springframework.context.support.GenericApplicationContext@66a3ffec: startup date [Fri Apr 07 11:32:49 CST 2017]; root of context hierarchy
 [INFO] [2017-04-07 11:32:50][org.springframework.context.support.PropertySourcesPlaceholderConfigurer]Loading properties file from class path resource [config.properties]
 [INFO] [2017-04-07 11:32:50][com.alibaba.druid.pool.DruidDataSource]{dataSource-1} inited
 [INFO] [2017-04-07 11:32:52][db_xgjd.test.TestReply]{"contactway":"test","memberid":1,"membername":"test","membersex":true}
 [INFO] [2017-04-07 11:32:52][org.springframework.beans.factory.xml.XmlBeanDefinitionReader]Loading XML bean definitions from class path resource [org/springframework/jdbc/support/sql-error-codes.xml]
 [INFO] [2017-04-07 11:32:52][org.springframework.jdbc.support.SQLErrorCodesFactory]SQLErrorCodes loaded: [DB2, Derby, H2, HSQL, Informix, MS-SQL, MySQL, Oracle, PostgreSQL, Sybase]
 [INFO] [2017-04-07 11:32:52][org.springframework.context.support.GenericApplicationContext]Closing org.springframework.context.support.GenericApplicationContext@66a3ffec: startup date [Fri Apr 07 11:32:49 CST 2017]; root of context hierarchy
 [INFO] [2017-04-07 11:32:52][com.alibaba.druid.pool.DruidDataSource]{dataSource-1} closed
 [INFO] [2017-04-07 11:44:25][org.springframework.test.context.support.DefaultTestContextBootstrapper]Loaded default TestExecutionListener class names from location [META-INF/spring.factories]: [org.springframework.test.context.web.ServletTestExecutionListener, org.springframework.test.context.support.DirtiesContextBeforeModesTestExecutionListener, org.springframework.test.context.support.DependencyInjectionTestExecutionListener, org.springframework.test.context.support.DirtiesContextTestExecutionListener, org.springframework.test.context.transaction.TransactionalTestExecutionListener, org.springframework.test.context.jdbc.SqlScriptsTestExecutionListener]
 [INFO] [2017-04-07 11:44:25][org.springframework.test.context.support.DefaultTestContextBootstrapper]Using TestExecutionListeners: [org.springframework.test.context.web.ServletTestExecutionListener@6574b225, org.springframework.test.context.support.DirtiesContextBeforeModesTestExecutionListener@2669b199, org.springframework.test.context.support.DependencyInjectionTestExecutionListener@2344fc66, org.springframework.test.context.support.DirtiesContextTestExecutionListener@458ad742, org.springframework.test.context.transaction.TransactionalTestExecutionListener@5afa04c, org.springframework.test.context.jdbc.SqlScriptsTestExecutionListener@6ea12c19]
 [INFO] [2017-04-07 11:44:26][org.springframework.beans.factory.xml.XmlBeanDefinitionReader]Loading XML bean definitions from class path resource [spring.xml]
 [INFO] [2017-04-07 11:44:26][org.springframework.beans.factory.xml.XmlBeanDefinitionReader]Loading XML bean definitions from class path resource [spring-mybatis.xml]
 [INFO] [2017-04-07 11:44:27][org.springframework.context.support.GenericApplicationContext]Refreshing org.springframework.context.support.GenericApplicationContext@5e3a8624: startup date [Fri Apr 07 11:44:27 CST 2017]; root of context hierarchy
 [INFO] [2017-04-07 11:44:27][org.springframework.context.support.PropertySourcesPlaceholderConfigurer]Loading properties file from class path resource [config.properties]
 [INFO] [2017-04-07 11:44:28][com.alibaba.druid.pool.DruidDataSource]{dataSource-1} inited
 [INFO] [2017-04-07 11:44:31][db_xgjd.test.TestReply]{"contactway":"test","memberid":1,"membername":"test","membersex":true}
 [INFO] [2017-04-07 11:44:31][org.springframework.context.support.GenericApplicationContext]Closing org.springframework.context.support.GenericApplicationContext@5e3a8624: startup date [Fri Apr 07 11:44:27 CST 2017]; root of context hierarchy
 [INFO] [2017-04-07 11:44:31][com.alibaba.druid.pool.DruidDataSource]{dataSource-1} closed
 [INFO] [2017-04-07 13:37:16][org.springframework.test.context.support.DefaultTestContextBootstrapper]Loaded default TestExecutionListener class names from location [META-INF/spring.factories]: [org.springframework.test.context.web.ServletTestExecutionListener, org.springframework.test.context.support.DirtiesContextBeforeModesTestExecutionListener, org.springframework.test.context.support.DependencyInjectionTestExecutionListener, org.springframework.test.context.support.DirtiesContextTestExecutionListener, org.springframework.test.context.transaction.TransactionalTestExecutionListener, org.springframework.test.context.jdbc.SqlScriptsTestExecutionListener]
 [INFO] [2017-04-07 13:37:16][org.springframework.test.context.support.DefaultTestContextBootstrapper]Using TestExecutionListeners: [org.springframework.test.context.web.ServletTestExecutionListener@6574b225, org.springframework.test.context.support.DirtiesContextBeforeModesTestExecutionListener@2669b199, org.springframework.test.context.support.DependencyInjectionTestExecutionListener@2344fc66, org.springframework.test.context.support.DirtiesContextTestExecutionListener@458ad742, org.springframework.test.context.transaction.TransactionalTestExecutionListener@5afa04c, org.springframework.test.context.jdbc.SqlScriptsTestExecutionListener@6ea12c19]
 [INFO] [2017-04-07 13:37:16][org.springframework.beans.factory.xml.XmlBeanDefinitionReader]Loading XML bean definitions from class path resource [spring.xml]
 [INFO] [2017-04-07 13:37:17][org.springframework.beans.factory.xml.XmlBeanDefinitionReader]Loading XML bean definitions from class path resource [spring-mybatis.xml]
 [INFO] [2017-04-07 13:37:17][org.springframework.context.support.GenericApplicationContext]Refreshing org.springframework.context.support.GenericApplicationContext@5e3a8624: startup date [Fri Apr 07 13:37:17 CST 2017]; root of context hierarchy
 [INFO] [2017-04-07 13:37:18][org.springframework.context.support.PropertySourcesPlaceholderConfigurer]Loading properties file from class path resource [config.properties]
 [INFO] [2017-04-07 13:37:18][com.alibaba.druid.pool.DruidDataSource]{dataSource-1} inited
 [INFO] [2017-04-07 13:37:22][db_xgjd.test.TestReply][{"contactway":"test","memberid":1,"membername":"test","membersex":true},{"contactway":"","memberclass":"16信管1班","memberid":201454,"membername":"魏","membersex":false,"subjects":"html"},{"contactway":"15204696480","memberclass":"16信管1班","memberid":20111111,"membername":"魏","membersex":false,"subjects":"html"},{"contactway":"","memberclass":"16信管1班","memberid":20145423,"membername":"魏","membersex":false,"subjects":"html"},{"contactway":"15204696480","memberclass":"16信管1班","memberid":20145425,"membername":"魏","membersex":false,"subjects":"html,C语言"}]
 [INFO] [2017-04-07 13:37:22][org.springframework.context.support.GenericApplicationContext]Closing org.springframework.context.support.GenericApplicationContext@5e3a8624: startup date [Fri Apr 07 13:37:17 CST 2017]; root of context hierarchy
 [INFO] [2017-04-07 13:37:22][com.alibaba.druid.pool.DruidDataSource]{dataSource-1} closed
 [INFO] [2017-04-07 13:45:26][org.springframework.test.context.support.DefaultTestContextBootstrapper]Loaded default TestExecutionListener class names from location [META-INF/spring.factories]: [org.springframework.test.context.web.ServletTestExecutionListener, org.springframework.test.context.support.DirtiesContextBeforeModesTestExecutionListener, org.springframework.test.context.support.DependencyInjectionTestExecutionListener, org.springframework.test.context.support.DirtiesContextTestExecutionListener, org.springframework.test.context.transaction.TransactionalTestExecutionListener, org.springframework.test.context.jdbc.SqlScriptsTestExecutionListener]
 [INFO] [2017-04-07 13:45:26][org.springframework.test.context.support.DefaultTestContextBootstrapper]Using TestExecutionListeners: [org.springframework.test.context.web.ServletTestExecutionListener@6574b225, org.springframework.test.context.support.DirtiesContextBeforeModesTestExecutionListener@2669b199, org.springframework.test.context.support.DependencyInjectionTestExecutionListener@2344fc66, org.springframework.test.context.support.DirtiesContextTestExecutionListener@458ad742, org.springframework.test.context.transaction.TransactionalTestExecutionListener@5afa04c, org.springframework.test.context.jdbc.SqlScriptsTestExecutionListener@6ea12c19]
 [INFO] [2017-04-07 13:45:26][org.springframework.beans.factory.xml.XmlBeanDefinitionReader]Loading XML bean definitions from class path resource [spring.xml]
 [INFO] [2017-04-07 13:45:27][org.springframework.beans.factory.xml.XmlBeanDefinitionReader]Loading XML bean definitions from class path resource [spring-mybatis.xml]
 [INFO] [2017-04-07 13:45:27][org.springframework.context.support.GenericApplicationContext]Refreshing org.springframework.context.support.GenericApplicationContext@5e3a8624: startup date [Fri Apr 07 13:45:27 CST 2017]; root of context hierarchy
 [INFO] [2017-04-07 13:45:28][org.springframework.context.support.PropertySourcesPlaceholderConfigurer]Loading properties file from class path resource [config.properties]
 [INFO] [2017-04-07 13:45:29][com.alibaba.druid.pool.DruidDataSource]{dataSource-1} inited
 [INFO] [2017-04-07 13:45:33][db_xgjd.test.TestReply][{"contactway":"test","memberid":1,"membername":"test","membersex":true},{"contactway":"","memberclass":"16信管1班","memberid":201454,"membername":"魏","membersex":false,"subjects":"html"},{"contactway":"15204696480","memberclass":"16信管1班","memberid":20111111,"membername":"魏","membersex":false,"subjects":"html"},{"contactway":"","memberclass":"16信管1班","memberid":20145423,"membername":"魏","membersex":false,"subjects":"html"},{"contactway":"15204696480","memberclass":"16信管1班","memberid":20145425,"membername":"魏","membersex":false,"subjects":"html,C语言"}]
 [INFO] [2017-04-07 13:45:33][org.springframework.context.support.GenericApplicationContext]Closing org.springframework.context.support.GenericApplicationContext@5e3a8624: startup date [Fri Apr 07 13:45:27 CST 2017]; root of context hierarchy
 [INFO] [2017-04-07 13:45:33][com.alibaba.druid.pool.DruidDataSource]{dataSource-1} closed
 